<html>
<head>
<title>TestNG:  Default test</title>
<link href="../testng.css" rel="stylesheet" type="text/css" />
<link href="../my-testng.css" rel="stylesheet" type="text/css" />

<style type="text/css">
.log { display: none;} 
.stack-trace { display: none;} 
</style>
<script type="text/javascript">
<!--
function flip(e) {
  current = e.style.display;
  if (current == 'block') {
    e.style.display = 'none';
    return 0;
  }
  else {
    e.style.display = 'block';
    return 1;
  }
}

function toggleBox(szDivId, elem, msg1, msg2)
{
  var res = -1;  if (document.getElementById) {
    res = flip(document.getElementById(szDivId));
  }
  else if (document.all) {
    // this is the way old msie versions work
    res = flip(document.all[szDivId]);
  }
  if(elem) {
    if(res == 0) elem.innerHTML = msg1; else elem.innerHTML = msg2;
  }

}

function toggleAllBoxes() {
  if (document.getElementsByTagName) {
    d = document.getElementsByTagName('div');
    for (i = 0; i < d.length; i++) {
      if (d[i].className == 'log') {
        flip(d[i]);
      }
    }
  }
}

// -->
</script>

</head>
<body>
<h2 align='center'>Default test</h2><table border='1' align="center">
<tr>
<td>Tests passed/Failed/Skipped:</td><td>4/3/0</td>
</tr><tr>
<td>Started on:</td><td>Mon Nov 11 18:30:55 ICT 2019</td>
</tr>
<tr><td>Total time:</td><td>168 seconds (168361 ms)</td>
</tr><tr>
<td>Included groups:</td><td></td>
</tr><tr>
<td>Excluded groups:</td><td></td>
</tr>
</table><p/>
<small><i>(Hover the method name to see the test class name)</i></small><p/>
<table width='100%' border='1' class='invocation-failed'>
<tr><td colspan='4' align='center'><b>FAILED TESTS</b></td></tr>
<tr><td><b>Test method</b></td>
<td width="30%"><b>Exception</b></td>
<td width="10%"><b>Time (seconds)</b></td>
<td><b>Instance</b></td>
</tr>
<tr>
<td title='org.selenium.automationtest.testsuite.TS_IM_QLCN_DuyetYeuCauTichDuyetTaiChinh.TC_001_DuyetYeuCauTichDuyetTaiChinh_TimKiem_XemChiTiet()'><b>TC_001_DuyetYeuCauTichDuyetTaiChinh_TimKiem_XemChiTiet</b><br>Test class: org.selenium.automationtest.testsuite.TS_IM_QLCN_DuyetYeuCauTichDuyetTaiChinh</td>
<td><div><pre>java.lang.AssertionError: Du lieu so sanh co 1 truong bi null
	at org.selenium.automationtest.common.CommonBase.verifyCompare(CommonBase.java:912)
	at org.selenium.automationtest.testsuite.TS_IM_QLCN_DuyetYeuCauTichDuyetTaiChinh.TC_001_DuyetYeuCauTichDuyetTaiChinh_TimKiem_XemChiTiet(TS_IM_QLCN_DuyetYeuCauTichDuyetTaiChinh.java:59)
... Removed 25 stack frames</pre></div><a href='#' onClick='toggleBox("stack-trace3565780", this, "Click to show all stack frames", "Click to hide stack frames")'>Click to show all stack frames</a>
<div class='stack-trace' id='stack-trace3565780'><pre>java.lang.AssertionError: Du lieu so sanh co 1 truong bi null
	at org.testng.Assert.fail(Assert.java:94)
	at org.selenium.automationtest.common.CommonBase.verifyCompare(CommonBase.java:912)
	at org.selenium.automationtest.testsuite.TS_IM_QLCN_DuyetYeuCauTichDuyetTaiChinh.TC_001_DuyetYeuCauTichDuyetTaiChinh_TimKiem_XemChiTiet(TS_IM_QLCN_DuyetYeuCauTichDuyetTaiChinh.java:59)
	at sun.reflect.NativeMethodAccessorImpl.invoke0(Native Method)
	at sun.reflect.NativeMethodAccessorImpl.invoke(NativeMethodAccessorImpl.java:62)
	at sun.reflect.DelegatingMethodAccessorImpl.invoke(DelegatingMethodAccessorImpl.java:43)
	at java.lang.reflect.Method.invoke(Method.java:498)
	at org.testng.internal.MethodInvocationHelper.invokeMethod(MethodInvocationHelper.java:86)
	at org.testng.internal.Invoker.invokeMethod(Invoker.java:643)
	at org.testng.internal.Invoker.invokeTestMethod(Invoker.java:820)
	at org.testng.internal.Invoker.invokeTestMethods(Invoker.java:1128)
	at org.testng.internal.TestMethodWorker.invokeTestMethods(TestMethodWorker.java:129)
	at org.testng.internal.TestMethodWorker.run(TestMethodWorker.java:112)
	at org.testng.TestRunner.privateRun(TestRunner.java:782)
	at org.testng.TestRunner.run(TestRunner.java:632)
	at org.testng.SuiteRunner.runTest(SuiteRunner.java:366)
	at org.testng.SuiteRunner.runSequentially(SuiteRunner.java:361)
	at org.testng.SuiteRunner.privateRun(SuiteRunner.java:319)
	at org.testng.SuiteRunner.run(SuiteRunner.java:268)
	at org.testng.SuiteRunnerWorker.runSuite(SuiteRunnerWorker.java:52)
	at org.testng.SuiteRunnerWorker.run(SuiteRunnerWorker.java:86)
	at org.testng.TestNG.runSuitesSequentially(TestNG.java:1244)
	at org.testng.TestNG.runSuitesLocally(TestNG.java:1169)
	at org.testng.TestNG.run(TestNG.java:1064)
	at org.testng.remote.AbstractRemoteTestNG.run(AbstractRemoteTestNG.java:115)
	at org.testng.remote.RemoteTestNG.initAndRun(RemoteTestNG.java:251)
	at org.testng.remote.RemoteTestNG.main(RemoteTestNG.java:77)
</pre></div></td>
<td>2</td>
<td>org.selenium.automationtest.testsuite.TS_IM_QLCN_DuyetYeuCauTichDuyetTaiChinh@5cb9f472</td></tr>
<tr>
<td title='org.selenium.automationtest.testsuite.TS_IM_QLCN_DuyetYeuCauTichDuyetTaiChinh.TC_004_DuyetYeuCauTichDuyetTaiChinh_DL_CDT()'><b>TC_004_DuyetYeuCauTichDuyetTaiChinh_DL_CDT</b><br>Test class: org.selenium.automationtest.testsuite.TS_IM_QLCN_DuyetYeuCauTichDuyetTaiChinh</td>
<td><div><pre>java.lang.AssertionError: Qua thoi gian nhung khong thay hoac thay doi tuong no such element: Unable to locate element: {&quot;method&quot;:&quot;xpath&quot;,&quot;selector&quot;:&quot;//tbody[@id=&apos;frmManagementRequestFinance:tblListFinanceRequest_data&apos;]//tr[@data-ri=&apos;0&apos;]//a[@title=&apos;Duyệt&apos;]&quot;}
  (Session info: chrome=76.1.3809.94)
  (Driver info: chromedriver=76.0.3809.126 (d80a294506b4c9d18015e755cee48f953ddc3f2f-refs/branch-heads/3809@{#1024}),platform=Linux 4.15.0-54-generic x86_64) (WARNING: The server did not provide any stacktrace information)
Command duration or timeout: 15 milliseconds
For documentation on this error, please visit: http://seleniumhq.org/exceptions/no_such_element.html
Build info: version: &apos;2.53.1&apos;, revision: &apos;a36b8b1cd5757287168e54b817830adce9b0158d&apos;, time: &apos;2016-06-30 19:26:09&apos;
System info: host: &apos;vtt-cntt-l-77-HP-ProDesk-400-G5-MT-IDS-APJ&apos;, ip: &apos;127.0.1.1&apos;, os.name: &apos;Linux&apos;, os.arch: &apos;amd64&apos;, os.version: &apos;4.15.0-54-generic&apos;, java.version: &apos;1.8.0_222&apos;
Driver info: org.openqa.selenium.chrome.ChromeDriver
Capabilities [{mobileEmulationEnabled=false, timeouts={implicit=0, pageLoad=300000, script=30000}, hasTouchScreen=false, platform=LINUX, acceptSslCerts=false, goog:chromeOptions={debuggerAddress=localhost:33433}, acceptInsecureCerts=false, webStorageEnabled=true, browserName=chrome, takesScreenshot=true, javascriptEnabled=true, setWindowRect=true, unexpectedAlertBehaviour=ignore, applicationCacheEnabled=false, rotatable=false, networkConnectionEnabled=false, chrome={chromedriverVersion=76.0.3809.126 (d80a294506b4c9d18015e755cee48f953ddc3f2f-refs/branch-heads/3809@{#1024}), userDataDir=/tmp/.com.google.Chrome.lNaGl0}, takesHeapSnapshot=true, pageLoadStrategy=normal, strictFileInteractability=false, databaseEnabled=false, handlesAlerts=true, version=76.1.3809.94, browserConnectionEnabled=false, proxy={}, nativeEvents=true, locationContextEnabled=true, cssSelectorsEnabled=true}]
Session ID: 9781edbb0c5d0ce1c5d5821fcb4c020c
*** Element info: {Using=xpath, value=//tbody[@id=&apos;frmManagementRequestFinance:tblListFinanceRequest_data&apos;]//tr[@data-ri=&apos;0&apos;]//a[@title=&apos;Duyệt&apos;]}
	at org.selenium.automationtest.common.CommonBase.checkCycling(CommonBase.java:319)
	at org.selenium.automationtest.common.CommonBase.getDisplayedElement(CommonBase.java:247)
	at org.selenium.automationtest.common.CommonBase.getDisplayedElement(CommonBase.java:249)
	at org.selenium.automationtest.common.CommonBase.getDisplayedElement(CommonBase.java:249)
	at org.selenium.automationtest.common.CommonBase.getDisplayedElement(CommonBase.java:249)
	at org.selenium.automationtest.common.CommonBase.getDisplayedElement(CommonBase.java:249)
	at org.selenium.automationtest.common.CommonBase.getDisplayedElement(CommonBase.java:249)
	at org.selenium.automationtest.common.CommonBase.getDisplayedElement(CommonBase.java:249)
	at org.selenium.automationtest.common.CommonBase.getDisplayedElement(CommonBase.java:249)
	at org.selenium.automationtest.common.CommonBase.getDisplayedElement(CommonBase.java:249)
	at org.selenium.automationtest.common.CommonBase.getDisplayedElement(CommonBase.java:249)
	at org.selenium.automationtest.common.CommonBase.getDisplayedElement(CommonBase.java:249)
	at org.selenium.automationtest.common.CommonBase.getDisplayedElement(CommonBase.java:249)
	at org.selenium.automationtest.common.CommonBase.getDisplayedElement(CommonBase.java:249)
	at org.selenium.automationtest.common.CommonBase.getDisplayedElement(CommonBase.java:249)
	at org.selenium.automationtest.common.CommonBase.getDisplayedElement(CommonBase.java:249)
	at org.selenium.automationtest.common.CommonBase.getDisplayedElement(CommonBase.java:249)
	at org.selenium.automationtest.common.CommonBase.getDisplayedElement(CommonBase.java:249)
	at org.selenium.automationtest.common.CommonBase.getDisplayedElement(CommonBase.java:249)
	at org.selenium.automationtest.common.CommonBase.getDisplayedElement(CommonBase.java:249)
	at org.selenium.automationtest.common.CommonBase.getDisplayedElement(CommonBase.java:249)
	at org.selenium.automationtest.common.CommonBase.getDisplayedElement(CommonBase.java:249)
	at org.selenium.automationtest.common.CommonBase.getDisplayedElement(CommonBase.java:249)
	at org.selenium.automationtest.common.CommonBase.getDisplayedElement(CommonBase.java:249)
	at org.selenium.automationtest.common.CommonBase.getDisplayedElement(CommonBase.java:249)
	at org.selenium.automationtest.common.CommonBase.getDisplayedElement(CommonBase.java:249)
	at org.selenium.automationtest.common.CommonBase.getDisplayedElement(CommonBase.java:249)
	at org.selenium.automationtest.common.CommonBase.getDisplayedElement(CommonBase.java:249)
	at org.selenium.automationtest.common.CommonBase.getDisplayedElement(CommonBase.java:249)
	at org.selenium.automationtest.common.CommonBase.getDisplayedElement(CommonBase.java:249)
	at org.selenium.automationtest.common.CommonBase.getDisplayedElement(CommonBase.java:249)
	at org.selenium.automationtest.common.CommonBase.getDisplayedElement(CommonBase.java:249)
	at org.selenium.automationtest.common.CommonBase.getDisplayedElement(CommonBase.java:249)
	at org.selenium.automationtest.common.CommonBase.getDisplayedElement(CommonBase.java:249)
	at org.selenium.automationtest.common.CommonBase.getDisplayedElement(CommonBase.java:249)
	at org.selenium.automationtest.common.CommonBase.getDisplayedElement(CommonBase.java:249)
	at org.selenium.automationtest.common.CommonBase.getDisplayedElement(CommonBase.java:249)
	at org.selenium.automationtest.common.CommonBase.getDisplayedElement(CommonBase.java:249)
	at org.selenium.automationtest.common.CommonBase.getDisplayedElement(CommonBase.java:249)
	at org.selenium.automationtest.common.CommonBase.getDisplayedElement(CommonBase.java:249)
	at org.selenium.automationtest.common.CommonBase.getDisplayedElement(CommonBase.java:249)
	at org.selenium.automationtest.common.CommonBase.getDisplayedElement(CommonBase.java:249)
	at org.selenium.automationtest.common.CommonBase.getDisplayedElement(CommonBase.java:249)
	at org.selenium.automationtest.common.CommonBase.getElementPresent(CommonBase.java:340)
	at org.selenium.automationtest.common.CommonBase.click(CommonBase.java:440)
	at org.selenium.automationtest.testsuite.TS_IM_QLCN_DuyetYeuCauTichDuyetTaiChinh.TC_004_DuyetYeuCauTichDuyetTaiChinh_DL_CDT(TS_IM_QLCN_DuyetYeuCauTichDuyetTaiChinh.java:258)
... Removed 25 stack frames</pre></div><a href='#' onClick='toggleBox("stack-trace600958416", this, "Click to show all stack frames", "Click to hide stack frames")'>Click to show all stack frames</a>
<div class='stack-trace' id='stack-trace600958416'><pre>java.lang.AssertionError: Qua thoi gian nhung khong thay hoac thay doi tuong no such element: Unable to locate element: {&quot;method&quot;:&quot;xpath&quot;,&quot;selector&quot;:&quot;//tbody[@id=&apos;frmManagementRequestFinance:tblListFinanceRequest_data&apos;]//tr[@data-ri=&apos;0&apos;]//a[@title=&apos;Duyệt&apos;]&quot;}
  (Session info: chrome=76.1.3809.94)
  (Driver info: chromedriver=76.0.3809.126 (d80a294506b4c9d18015e755cee48f953ddc3f2f-refs/branch-heads/3809@{#1024}),platform=Linux 4.15.0-54-generic x86_64) (WARNING: The server did not provide any stacktrace information)
Command duration or timeout: 15 milliseconds
For documentation on this error, please visit: http://seleniumhq.org/exceptions/no_such_element.html
Build info: version: &apos;2.53.1&apos;, revision: &apos;a36b8b1cd5757287168e54b817830adce9b0158d&apos;, time: &apos;2016-06-30 19:26:09&apos;
System info: host: &apos;vtt-cntt-l-77-HP-ProDesk-400-G5-MT-IDS-APJ&apos;, ip: &apos;127.0.1.1&apos;, os.name: &apos;Linux&apos;, os.arch: &apos;amd64&apos;, os.version: &apos;4.15.0-54-generic&apos;, java.version: &apos;1.8.0_222&apos;
Driver info: org.openqa.selenium.chrome.ChromeDriver
Capabilities [{mobileEmulationEnabled=false, timeouts={implicit=0, pageLoad=300000, script=30000}, hasTouchScreen=false, platform=LINUX, acceptSslCerts=false, goog:chromeOptions={debuggerAddress=localhost:33433}, acceptInsecureCerts=false, webStorageEnabled=true, browserName=chrome, takesScreenshot=true, javascriptEnabled=true, setWindowRect=true, unexpectedAlertBehaviour=ignore, applicationCacheEnabled=false, rotatable=false, networkConnectionEnabled=false, chrome={chromedriverVersion=76.0.3809.126 (d80a294506b4c9d18015e755cee48f953ddc3f2f-refs/branch-heads/3809@{#1024}), userDataDir=/tmp/.com.google.Chrome.lNaGl0}, takesHeapSnapshot=true, pageLoadStrategy=normal, strictFileInteractability=false, databaseEnabled=false, handlesAlerts=true, version=76.1.3809.94, browserConnectionEnabled=false, proxy={}, nativeEvents=true, locationContextEnabled=true, cssSelectorsEnabled=true}]
Session ID: 9781edbb0c5d0ce1c5d5821fcb4c020c
*** Element info: {Using=xpath, value=//tbody[@id=&apos;frmManagementRequestFinance:tblListFinanceRequest_data&apos;]//tr[@data-ri=&apos;0&apos;]//a[@title=&apos;Duyệt&apos;]}
	at org.testng.Assert.fail(Assert.java:94)
	at org.selenium.automationtest.common.CommonBase.checkCycling(CommonBase.java:319)
	at org.selenium.automationtest.common.CommonBase.getDisplayedElement(CommonBase.java:247)
	at org.selenium.automationtest.common.CommonBase.getDisplayedElement(CommonBase.java:249)
	at org.selenium.automationtest.common.CommonBase.getDisplayedElement(CommonBase.java:249)
	at org.selenium.automationtest.common.CommonBase.getDisplayedElement(CommonBase.java:249)
	at org.selenium.automationtest.common.CommonBase.getDisplayedElement(CommonBase.java:249)
	at org.selenium.automationtest.common.CommonBase.getDisplayedElement(CommonBase.java:249)
	at org.selenium.automationtest.common.CommonBase.getDisplayedElement(CommonBase.java:249)
	at org.selenium.automationtest.common.CommonBase.getDisplayedElement(CommonBase.java:249)
	at org.selenium.automationtest.common.CommonBase.getDisplayedElement(CommonBase.java:249)
	at org.selenium.automationtest.common.CommonBase.getDisplayedElement(CommonBase.java:249)
	at org.selenium.automationtest.common.CommonBase.getDisplayedElement(CommonBase.java:249)
	at org.selenium.automationtest.common.CommonBase.getDisplayedElement(CommonBase.java:249)
	at org.selenium.automationtest.common.CommonBase.getDisplayedElement(CommonBase.java:249)
	at org.selenium.automationtest.common.CommonBase.getDisplayedElement(CommonBase.java:249)
	at org.selenium.automationtest.common.CommonBase.getDisplayedElement(CommonBase.java:249)
	at org.selenium.automationtest.common.CommonBase.getDisplayedElement(CommonBase.java:249)
	at org.selenium.automationtest.common.CommonBase.getDisplayedElement(CommonBase.java:249)
	at org.selenium.automationtest.common.CommonBase.getDisplayedElement(CommonBase.java:249)
	at org.selenium.automationtest.common.CommonBase.getDisplayedElement(CommonBase.java:249)
	at org.selenium.automationtest.common.CommonBase.getDisplayedElement(CommonBase.java:249)
	at org.selenium.automationtest.common.CommonBase.getDisplayedElement(CommonBase.java:249)
	at org.selenium.automationtest.common.CommonBase.getDisplayedElement(CommonBase.java:249)
	at org.selenium.automationtest.common.CommonBase.getDisplayedElement(CommonBase.java:249)
	at org.selenium.automationtest.common.CommonBase.getDisplayedElement(CommonBase.java:249)
	at org.selenium.automationtest.common.CommonBase.getDisplayedElement(CommonBase.java:249)
	at org.selenium.automationtest.common.CommonBase.getDisplayedElement(CommonBase.java:249)
	at org.selenium.automationtest.common.CommonBase.getDisplayedElement(CommonBase.java:249)
	at org.selenium.automationtest.common.CommonBase.getDisplayedElement(CommonBase.java:249)
	at org.selenium.automationtest.common.CommonBase.getDisplayedElement(CommonBase.java:249)
	at org.selenium.automationtest.common.CommonBase.getDisplayedElement(CommonBase.java:249)
	at org.selenium.automationtest.common.CommonBase.getDisplayedElement(CommonBase.java:249)
	at org.selenium.automationtest.common.CommonBase.getDisplayedElement(CommonBase.java:249)
	at org.selenium.automationtest.common.CommonBase.getDisplayedElement(CommonBase.java:249)
	at org.selenium.automationtest.common.CommonBase.getDisplayedElement(CommonBase.java:249)
	at org.selenium.automationtest.common.CommonBase.getDisplayedElement(CommonBase.java:249)
	at org.selenium.automationtest.common.CommonBase.getDisplayedElement(CommonBase.java:249)
	at org.selenium.automationtest.common.CommonBase.getDisplayedElement(CommonBase.java:249)
	at org.selenium.automationtest.common.CommonBase.getDisplayedElement(CommonBase.java:249)
	at org.selenium.automationtest.common.CommonBase.getDisplayedElement(CommonBase.java:249)
	at org.selenium.automationtest.common.CommonBase.getDisplayedElement(CommonBase.java:249)
	at org.selenium.automationtest.common.CommonBase.getDisplayedElement(CommonBase.java:249)
	at org.selenium.automationtest.common.CommonBase.getDisplayedElement(CommonBase.java:249)
	at org.selenium.automationtest.common.CommonBase.getElementPresent(CommonBase.java:340)
	at org.selenium.automationtest.common.CommonBase.click(CommonBase.java:440)
	at org.selenium.automationtest.testsuite.TS_IM_QLCN_DuyetYeuCauTichDuyetTaiChinh.TC_004_DuyetYeuCauTichDuyetTaiChinh_DL_CDT(TS_IM_QLCN_DuyetYeuCauTichDuyetTaiChinh.java:258)
	at sun.reflect.NativeMethodAccessorImpl.invoke0(Native Method)
	at sun.reflect.NativeMethodAccessorImpl.invoke(NativeMethodAccessorImpl.java:62)
	at sun.reflect.DelegatingMethodAccessorImpl.invoke(DelegatingMethodAccessorImpl.java:43)
	at java.lang.reflect.Method.invoke(Method.java:498)
	at org.testng.internal.MethodInvocationHelper.invokeMethod(MethodInvocationHelper.java:86)
	at org.testng.internal.Invoker.invokeMethod(Invoker.java:643)
	at org.testng.internal.Invoker.invokeTestMethod(Invoker.java:820)
	at org.testng.internal.Invoker.invokeTestMethods(Invoker.java:1128)
	at org.testng.internal.TestMethodWorker.invokeTestMethods(TestMethodWorker.java:129)
	at org.testng.internal.TestMethodWorker.run(TestMethodWorker.java:112)
	at org.testng.TestRunner.privateRun(TestRunner.java:782)
	at org.testng.TestRunner.run(TestRunner.java:632)
	at org.testng.SuiteRunner.runTest(SuiteRunner.java:366)
	at org.testng.SuiteRunner.runSequentially(SuiteRunner.java:361)
	at org.testng.SuiteRunner.privateRun(SuiteRunner.java:319)
	at org.testng.SuiteRunner.run(SuiteRunner.java:268)
	at org.testng.SuiteRunnerWorker.runSuite(SuiteRunnerWorker.java:52)
	at org.testng.SuiteRunnerWorker.run(SuiteRunnerWorker.java:86)
	at org.testng.TestNG.runSuitesSequentially(TestNG.java:1244)
	at org.testng.TestNG.runSuitesLocally(TestNG.java:1169)
	at org.testng.TestNG.run(TestNG.java:1064)
	at org.testng.remote.AbstractRemoteTestNG.run(AbstractRemoteTestNG.java:115)
	at org.testng.remote.RemoteTestNG.initAndRun(RemoteTestNG.java:251)
	at org.testng.remote.RemoteTestNG.main(RemoteTestNG.java:77)
</pre></div></td>
<td>46</td>
<td>org.selenium.automationtest.testsuite.TS_IM_QLCN_DuyetYeuCauTichDuyetTaiChinh@5cb9f472</td></tr>
<tr>
<td title='org.selenium.automationtest.testsuite.TS_IM_QLCN_DuyetYeuCauTichDuyetTaiChinh.TC_005_DuyetYeuCauTichDuyetTaiChinh_TuChoi()'><b>TC_005_DuyetYeuCauTichDuyetTaiChinh_TuChoi</b><br>Test class: org.selenium.automationtest.testsuite.TS_IM_QLCN_DuyetYeuCauTichDuyetTaiChinh</td>
<td><div><pre>java.lang.AssertionError: Du lieu so sanh co 1 truong bi null
	at org.selenium.automationtest.common.CommonBase.verifyCompare(CommonBase.java:912)
	at org.selenium.automationtest.testsuite.TS_IM_QLCN_DuyetYeuCauTichDuyetTaiChinh.TC_005_DuyetYeuCauTichDuyetTaiChinh_TuChoi(TS_IM_QLCN_DuyetYeuCauTichDuyetTaiChinh.java:340)
... Removed 25 stack frames</pre></div><a href='#' onClick='toggleBox("stack-trace727666004", this, "Click to show all stack frames", "Click to hide stack frames")'>Click to show all stack frames</a>
<div class='stack-trace' id='stack-trace727666004'><pre>java.lang.AssertionError: Du lieu so sanh co 1 truong bi null
	at org.testng.Assert.fail(Assert.java:94)
	at org.selenium.automationtest.common.CommonBase.verifyCompare(CommonBase.java:912)
	at org.selenium.automationtest.testsuite.TS_IM_QLCN_DuyetYeuCauTichDuyetTaiChinh.TC_005_DuyetYeuCauTichDuyetTaiChinh_TuChoi(TS_IM_QLCN_DuyetYeuCauTichDuyetTaiChinh.java:340)
	at sun.reflect.NativeMethodAccessorImpl.invoke0(Native Method)
	at sun.reflect.NativeMethodAccessorImpl.invoke(NativeMethodAccessorImpl.java:62)
	at sun.reflect.DelegatingMethodAccessorImpl.invoke(DelegatingMethodAccessorImpl.java:43)
	at java.lang.reflect.Method.invoke(Method.java:498)
	at org.testng.internal.MethodInvocationHelper.invokeMethod(MethodInvocationHelper.java:86)
	at org.testng.internal.Invoker.invokeMethod(Invoker.java:643)
	at org.testng.internal.Invoker.invokeTestMethod(Invoker.java:820)
	at org.testng.internal.Invoker.invokeTestMethods(Invoker.java:1128)
	at org.testng.internal.TestMethodWorker.invokeTestMethods(TestMethodWorker.java:129)
	at org.testng.internal.TestMethodWorker.run(TestMethodWorker.java:112)
	at org.testng.TestRunner.privateRun(TestRunner.java:782)
	at org.testng.TestRunner.run(TestRunner.java:632)
	at org.testng.SuiteRunner.runTest(SuiteRunner.java:366)
	at org.testng.SuiteRunner.runSequentially(SuiteRunner.java:361)
	at org.testng.SuiteRunner.privateRun(SuiteRunner.java:319)
	at org.testng.SuiteRunner.run(SuiteRunner.java:268)
	at org.testng.SuiteRunnerWorker.runSuite(SuiteRunnerWorker.java:52)
	at org.testng.SuiteRunnerWorker.run(SuiteRunnerWorker.java:86)
	at org.testng.TestNG.runSuitesSequentially(TestNG.java:1244)
	at org.testng.TestNG.runSuitesLocally(TestNG.java:1169)
	at org.testng.TestNG.run(TestNG.java:1064)
	at org.testng.remote.AbstractRemoteTestNG.run(AbstractRemoteTestNG.java:115)
	at org.testng.remote.RemoteTestNG.initAndRun(RemoteTestNG.java:251)
	at org.testng.remote.RemoteTestNG.main(RemoteTestNG.java:77)
</pre></div></td>
<td>16</td>
<td>org.selenium.automationtest.testsuite.TS_IM_QLCN_DuyetYeuCauTichDuyetTaiChinh@5cb9f472</td></tr>
</table><p>
<table width='100%' border='1' class='invocation-passed'>
<tr><td colspan='4' align='center'><b>PASSED TESTS</b></td></tr>
<tr><td><b>Test method</b></td>
<td width="30%"><b>Exception</b></td>
<td width="10%"><b>Time (seconds)</b></td>
<td><b>Instance</b></td>
</tr>
<tr>
<td title='org.selenium.automationtest.testsuite.TS_IM_QLCN_DuyetYeuCauTichDuyetTaiChinh.TC_000_DuyetYeuCauTichDuyetTaiChinh_ChuanBiDL()'><b>TC_000_DuyetYeuCauTichDuyetTaiChinh_ChuanBiDL</b><br>Test class: org.selenium.automationtest.testsuite.TS_IM_QLCN_DuyetYeuCauTichDuyetTaiChinh</td>
<td></td>
<td>0</td>
<td>org.selenium.automationtest.testsuite.TS_IM_QLCN_DuyetYeuCauTichDuyetTaiChinh@5cb9f472</td></tr>
<tr>
<td title='org.selenium.automationtest.testsuite.TS_IM_QLCN_DuyetYeuCauTichDuyetTaiChinh.TC_002_DuyetYeuCauTichDuyetTaiChinh_NhanVien_BanHang()'><b>TC_002_DuyetYeuCauTichDuyetTaiChinh_NhanVien_BanHang</b><br>Test class: org.selenium.automationtest.testsuite.TS_IM_QLCN_DuyetYeuCauTichDuyetTaiChinh</td>
<td></td>
<td>18</td>
<td>org.selenium.automationtest.testsuite.TS_IM_QLCN_DuyetYeuCauTichDuyetTaiChinh@5cb9f472</td></tr>
<tr>
<td title='org.selenium.automationtest.testsuite.TS_IM_QLCN_DuyetYeuCauTichDuyetTaiChinh.TC_003_DuyetYeuCauTichDuyetTaiChinh_CTV_ThuCuoc()'><b>TC_003_DuyetYeuCauTichDuyetTaiChinh_CTV_ThuCuoc</b><br>Test class: org.selenium.automationtest.testsuite.TS_IM_QLCN_DuyetYeuCauTichDuyetTaiChinh</td>
<td></td>
<td>18</td>
<td>org.selenium.automationtest.testsuite.TS_IM_QLCN_DuyetYeuCauTichDuyetTaiChinh@5cb9f472</td></tr>
<tr>
<td title='org.selenium.automationtest.testsuite.TS_IM_QLCN_DuyetYeuCauTichDuyetTaiChinh.TC_006_DuyetYeuCauTichDuyetTaiChinh_NhanVien_THuChiDatCoc()'><b>TC_006_DuyetYeuCauTichDuyetTaiChinh_NhanVien_THuChiDatCoc</b><br>Test class: org.selenium.automationtest.testsuite.TS_IM_QLCN_DuyetYeuCauTichDuyetTaiChinh</td>
<td></td>
<td>14</td>
<td>org.selenium.automationtest.testsuite.TS_IM_QLCN_DuyetYeuCauTichDuyetTaiChinh@5cb9f472</td></tr>
</table><p>
</body>
</html>